<?xml version="1.0" encoding="UTF-8" ?>
<testsuite errors="1" failures="0" hostname="ONE9000682D001" name="STG_Dailycheck.STG_DailyCheck_SKT" skipped="0" tests="1" time="231.425" timestamp="2020-07-09T04:52:13">
  <properties>
    <property name="java.vendor" value="Oracle Corporation" />
    <property name="env.JENKINS_SERVER_COOKIE" value="e308a31c484e7816" />
    <property name="env.WORKSPACE_TMP" value="C:\Program Files (x86)\Jenkins\workspace\STG_SKT@tmp" />
    <property name="sun.java.launcher" value="SUN_STANDARD" />
    <property name="sun.management.compiler" value="HotSpot 64-Bit Tiered Compilers" />
    <property name="env.BASE" value="C:\Program Files (x86)\Jenkins" />
    <property name="env.PROMPT" value="$P$G" />
    <property name="env.DriverData" value="C:\Windows\System32\Drivers\DriverData" />
    <property name="os.name" value="Windows 10" />
    <property name="sun.boot.class.path" value="C:\Program Files\Java\jdk1.8.0_251\jre\lib\resources.jar;C:\Program Files\Java\jdk1.8.0_251\jre\lib\rt.jar;C:\Program Files\Java\jdk1.8.0_251\jre\lib\sunrsasign.jar;C:\Program Files\Java\jdk1.8.0_251\jre\lib\jsse.jar;C:\Program Files\Java\jdk1.8.0_251\jre\lib\jce.jar;C:\Program Files\Java\jdk1.8.0_251\jre\lib\charsets.jar;C:\Program Files\Java\jdk1.8.0_251\jre\lib\jfr.jar;C:\Program Files\Java\jdk1.8.0_251\jre\classes" />
    <property name="env.COMPUTERNAME" value="ONE9000682D001" />
    <property name="env.CommonProgramW6432" value="C:\Program Files\Common Files" />
    <property name="ant.file.type.standard" value="file" />
    <property name="env.ALLUSERSPROFILE" value="C:\ProgramData" />
    <property name="sun.desktop" value="windows" />
    <property name="java.vm.specification.vendor" value="Oracle Corporation" />
    <property name="ant.home" value="D:\apache-ant-1.9.14\bin\.." />
    <property name="java.runtime.version" value="1.8.0_251-b08" />
    <property name="env.BUILD_DISPLAY_NAME" value="#11" />
    <property name="user.name" value="ONE9000682D001$" />
    <property name="user.language" value="ko" />
    <property name="sun.boot.library.path" value="C:\Program Files\Java\jdk1.8.0_251\jre\bin" />
    <property name="ant.project.default-target" value="build" />
    <property name="ant.project.name" value="standard" />
    <property name="java.version" value="1.8.0_251" />
    <property name="env.PROCESSOR_IDENTIFIER" value="Intel64 Family 6 Model 60 Stepping 3, GenuineIntel" />
    <property name="user.timezone" value="" />
    <property name="env.NODE_NAME" value="master" />
    <property name="env.TEMP" value="C:\windows\TEMP" />
    <property name="sun.arch.data.model" value="64" />
    <property name="java.endorsed.dirs" value="C:\Program Files\Java\jdk1.8.0_251\jre\lib\endorsed" />
    <property name="env._JAVACMD" value="C:\Program Files\Java\jdk1.8.0_251\bin\java.exe" />
    <property name="sun.cpu.isalist" value="amd64" />
    <property name="env.JOB_BASE_NAME" value="STG_SKT" />
    <property name="sun.jnu.encoding" value="MS949" />
    <property name="file.encoding.pkg" value="sun.io" />
    <property name="file.separator" value="\" />
    <property name="java.specification.name" value="Java Platform API Specification" />
    <property name="java.class.version" value="52.0" />
    <property name="user.country" value="KR" />
    <property name="env.BUILD_NUMBER" value="11" />
    <property name="java.home" value="C:\Program Files\Java\jdk1.8.0_251\jre" />
    <property name="env.PSModulePath" value="C:\Program Files\WindowsPowerShell\Modules;C:\windows\system32\WindowsPowerShell\v1.0\Modules" />
    <property name="env.ANDROID_HOME" value="C:\Users\9000682\AppData\Local\Android\Sdk" />
    <property name="env.APPDATA" value="C:\windows\system32\config\systemprofile\AppData\Roaming" />
    <property name="env.PUBLIC" value="C:\Users\Public" />
    <property name="java.vm.info" value="mixed mode" />
    <property name="env.ComSpec" value="C:\windows\system32\cmd.exe" />
    <property name="env.OS" value="Windows_NT" />
    <property name="env.CommonProgramFiles" value="C:\Program Files\Common Files" />
    <property name="ant.file" value="D:\standard\build.xml" />
    <property name="os.version" value="10.0" />
    <property name="env.ProgramW6432" value="C:\Program Files" />
    <property name="env._USE_CLASSPATH" value="no" />
    <property name="env.HUDSON_COOKIE" value="711baf13-c802-4577-a101-bf40c3470b13" />
    <property name="ant.file.standard" value="D:\standard\build.xml" />
    <property name="path.separator" value=";" />
    <property name="java.vm.version" value="25.251-b08" />
    <property name="env.USERPROFILE" value="C:\windows\system32\config\systemprofile" />
    <property name="user.variant" value="" />
    <property name="ant.library.dir" value="D:\apache-ant-1.9.14\lib" />
    <property name="junit.output.dir" value="junit" />
    <property name="env.JOB_NAME" value="STG_SKT" />
    <property name="env.JAVA_HOME" value="C:\Program Files\Java\jdk1.8.0_251" />
    <property name="java.awt.printerjob" value="sun.awt.windows.WPrinterJob" />
    <property name="env.TMP" value="C:\windows\TEMP" />
    <property name="env.WINSW_EXECUTABLE" value="C:\Program Files (x86)\Jenkins\jenkins.exe" />
    <property name="sun.io.unicode.encoding" value="UnicodeLittle" />
    <property name="env.SERVICE_ID" value="Jenkins" />
    <property name="awt.toolkit" value="sun.awt.windows.WToolkit" />
    <property name="user.script" value="" />
    <property name="env.HUDSON_URL" value="http://localhost:8080/" />
    <property name="env.BUILD_TAG" value="jenkins-STG_SKT-11" />
    <property name="target" value="1.8" />
    <property name="user.home" value="C:\windows\system32\config\systemprofile" />
    <property name="env.JENKINS_HOME" value="C:\Program Files (x86)\Jenkins" />
    <property name="env.ProgramData" value="C:\ProgramData" />
    <property name="env.JOB_URL" value="http://localhost:8080/job/STG_SKT/" />
    <property name="env.ProgramFiles(x86)" value="C:\Program Files (x86)" />
    <property name="java.specification.vendor" value="Oracle Corporation" />
    <property name="java.library.path" value="C:\Program Files\Java\jdk1.8.0_251\jre\bin;C:\windows\Sun\Java\bin;C:\windows\system32;C:\windows;C:\windows\system32;C:\windows;C:\windows\System32\Wbem;C:\windows\System32\WindowsPowerShell\v1.0\;C:\windows\System32\OpenSSH\;C:\windows\softcamp\sds;C:\windows\softcamp\sdk;C:\windows\Softcamp\SDS\x64;C:\windows\SoftCamp\SDK\x64;C:\Program Files (x86)\Common Files\Oracle\Java\javapath;C:\Program Files\Java\jdk1.8.0_251\bin;C:\Users\9000682\AppData\Local\Android\Sdk\platform-tools;C:\Users\9000682\AppData\Local\Android\Sdk\tools\bin;C:\Program Files\nodejs\;C:\windows\system32\config\systemprofile\AppData\Local\Microsoft\WindowsApps;." />
    <property name="env.NUMBER_OF_PROCESSORS" value="8" />
    <property name="java.vendor.url" value="http://java.oracle.com/" />
    <property name="env.HUDSON_HOME" value="C:\Program Files (x86)\Jenkins" />
    <property name="java.vm.vendor" value="Oracle Corporation" />
    <property name="env.HUDSON_SERVER_COOKIE" value="e308a31c484e7816" />
    <property name="java.runtime.name" value="Java(TM) SE Runtime Environment" />
    <property name="java.class.path" value="D:\standard\target\test-classes;C:\Users\9000682\.m2\repository\junit\junit\4.12\junit-4.12.jar;C:\Users\9000682\.m2\repository\org\hamcrest\hamcrest-core\1.3\hamcrest-core-1.3.jar;C:\Users\9000682\.m2\repository\org\apache\httpcomponents\httpcore\4.4.5\httpcore-4.4.5.jar;C:\Users\9000682\.m2\repository\org\apache\httpcomponents\httpclient\4.3.5\httpclient-4.3.5.jar;C:\Users\9000682\.m2\repository\commons-logging\commons-logging\1.1.3\commons-logging-1.1.3.jar;C:\Users\9000682\.m2\repository\commons-codec\commons-codec\1.6\commons-codec-1.6.jar;C:\Users\9000682\.m2\repository\io\appium\java-client\4.1.2\java-client-4.1.2.jar;C:\Users\9000682\.m2\repository\com\google\code\gson\gson\2.7\gson-2.7.jar;C:\Users\9000682\.m2\repository\com\google\guava\guava\19.0\guava-19.0.jar;C:\Users\9000682\.m2\repository\commons-validator\commons-validator\1.5.1\commons-validator-1.5.1.jar;C:\Users\9000682\.m2\repository\commons-beanutils\commons-beanutils\1.9.2\commons-beanutils-1.9.2.jar;C:\Users\9000682\.m2\repository\commons-digester\commons-digester\1.8.1\commons-digester-1.8.1.jar;C:\Users\9000682\.m2\repository\commons-collections\commons-collections\3.2.2\commons-collections-3.2.2.jar;C:\Users\9000682\.m2\repository\org\apache\commons\commons-lang3\3.4\commons-lang3-3.4.jar;C:\Users\9000682\.m2\repository\cglib\cglib-nodep\3.2.4\cglib-nodep-3.2.4.jar;C:\Users\9000682\.m2\repository\org\springframework\spring-context\4.3.2.RELEASE\spring-context-4.3.2.RELEASE.jar;C:\Users\9000682\.m2\repository\org\springframework\spring-aop\4.3.2.RELEASE\spring-aop-4.3.2.RELEASE.jar;C:\Users\9000682\.m2\repository\org\springframework\spring-beans\4.3.2.RELEASE\spring-beans-4.3.2.RELEASE.jar;C:\Users\9000682\.m2\repository\org\springframework\spring-core\4.3.2.RELEASE\spring-core-4.3.2.RELEASE.jar;C:\Users\9000682\.m2\repository\org\springframework\spring-expression\4.3.2.RELEASE\spring-expression-4.3.2.RELEASE.jar;C:\Users\9000682\.m2\repository\org\aspectj\aspectjweaver\1.8.9\aspectjweaver-1.8.9.jar;C:\Users\9000682\.m2\repository\org\seleniumhq\selenium\selenium-java\2.53.1\selenium-java-2.53.1.jar;C:\Users\9000682\.m2\repository\org\seleniumhq\selenium\selenium-chrome-driver\2.53.1\selenium-chrome-driver-2.53.1.jar;C:\Users\9000682\.m2\repository\org\seleniumhq\selenium\selenium-remote-driver\2.53.1\selenium-remote-driver-2.53.1.jar;C:\Users\9000682\.m2\repository\org\seleniumhq\selenium\selenium-api\2.53.1\selenium-api-2.53.1.jar;C:\Users\9000682\.m2\repository\org\seleniumhq\selenium\selenium-edge-driver\2.53.1\selenium-edge-driver-2.53.1.jar;C:\Users\9000682\.m2\repository\commons-io\commons-io\2.4\commons-io-2.4.jar;C:\Users\9000682\.m2\repository\org\apache\commons\commons-exec\1.3\commons-exec-1.3.jar;C:\Users\9000682\.m2\repository\org\seleniumhq\selenium\htmlunit-driver\2.21\htmlunit-driver-2.21.jar;C:\Users\9000682\.m2\repository\net\sourceforge\htmlunit\htmlunit\2.21\htmlunit-2.21.jar;C:\Users\9000682\.m2\repository\xalan\xalan\2.7.2\xalan-2.7.2.jar;C:\Users\9000682\.m2\repository\xalan\serializer\2.7.2\serializer-2.7.2.jar;C:\Users\9000682\.m2\repository\org\apache\httpcomponents\httpmime\4.5.2\httpmime-4.5.2.jar;C:\Users\9000682\.m2\repository\net\sourceforge\htmlunit\htmlunit-core-js\2.17\htmlunit-core-js-2.17.jar;C:\Users\9000682\.m2\repository\net\sourceforge\htmlunit\neko-htmlunit\2.21\neko-htmlunit-2.21.jar;C:\Users\9000682\.m2\repository\xerces\xercesImpl\2.11.0\xercesImpl-2.11.0.jar;C:\Users\9000682\.m2\repository\xml-apis\xml-apis\1.4.01\xml-apis-1.4.01.jar;C:\Users\9000682\.m2\repository\net\sourceforge\cssparser\cssparser\0.9.18\cssparser-0.9.18.jar;C:\Users\9000682\.m2\repository\org\w3c\css\sac\1.3\sac-1.3.jar;C:\Users\9000682\.m2\repository\org\eclipse\jetty\websocket\websocket-client\9.2.15.v20160210\websocket-client-9.2.15.v20160210.jar;C:\Users\9000682\.m2\repository\org\eclipse\jetty\jetty-util\9.2.15.v20160210\jetty-util-9.2.15.v20160210.jar;C:\Users\9000682\.m2\repository\org\eclipse\jetty\jetty-io\9.2.15.v20160210\jetty-io-9.2.15.v20160210.jar;C:\Users\9000682\.m2\repository\org\eclipse\jetty\websocket\websocket-common\9.2.15.v20160210\websocket-common-9.2.15.v20160210.jar;C:\Users\9000682\.m2\repository\org\eclipse\jetty\websocket\websocket-api\9.2.15.v20160210\websocket-api-9.2.15.v20160210.jar;C:\Users\9000682\.m2\repository\org\seleniumhq\selenium\selenium-firefox-driver\2.53.1\selenium-firefox-driver-2.53.1.jar;C:\Users\9000682\.m2\repository\org\seleniumhq\selenium\selenium-ie-driver\2.53.1\selenium-ie-driver-2.53.1.jar;C:\Users\9000682\.m2\repository\net\java\dev\jna\jna\4.1.0\jna-4.1.0.jar;C:\Users\9000682\.m2\repository\net\java\dev\jna\jna-platform\4.1.0\jna-platform-4.1.0.jar;C:\Users\9000682\.m2\repository\org\seleniumhq\selenium\selenium-safari-driver\2.53.1\selenium-safari-driver-2.53.1.jar;C:\Users\9000682\.m2\repository\io\netty\netty\3.5.7.Final\netty-3.5.7.Final.jar;C:\Users\9000682\.m2\repository\org\seleniumhq\selenium\selenium-support\2.53.1\selenium-support-2.53.1.jar;C:\Users\9000682\.m2\repository\org\seleniumhq\selenium\selenium-leg-rc\2.53.1\selenium-leg-rc-2.53.1.jar;C:\Users\9000682\.m2\repository\org\seleniumhq\selenium\selenium-server\2.53.1\selenium-server-2.53.1.jar;C:\Users\9000682\.m2\repository\com\beust\jcommander\1.48\jcommander-1.48.jar;C:\Users\9000682\.m2\repository\org\bouncycastle\bcprov-jdk15on\1.48\bcprov-jdk15on-1.48.jar;C:\Users\9000682\.m2\repository\org\bouncycastle\bcpkix-jdk15on\1.48\bcpkix-jdk15on-1.48.jar;C:\Users\9000682\.m2\repository\mx4j\mx4j-tools\3.0.1\mx4j-tools-3.0.1.jar;C:\Users\9000682\.m2\repository\org\seleniumhq\selenium\jetty-repacked\9.2.13.v20150730\jetty-repacked-9.2.13.v20150730.jar;C:\Users\9000682\.m2\repository\javax\servlet\javax.servlet-api\3.1.0\javax.servlet-api-3.1.0.jar;C:\Users\9000682\.m2\repository\org\seleniumhq\selenium\jetty-rc-repacked\5\jetty-rc-repacked-5.jar;C:\Users\9000682\.m2\repository\net\jcip\jcip-annotations\1.0\jcip-annotations-1.0.jar;C:\Users\9000682\.m2\repository\org\yaml\snakeyaml\1.8\snakeyaml-1.8.jar;C:\Users\9000682\.m2\repository\org\seleniumhq\selenium\server\selenium-server\1.0.1\selenium-server-1.0.1-standalone.jar;C:\Users\9000682\.m2\repository\org\seleniumhq\selenium\core\selenium-core\1.0.1\selenium-core-1.0.1.jar;C:\Users\9000682\.m2\repository\org\seleniumhq\selenium\server\selenium-server-coreless\1.0.1\selenium-server-coreless-1.0.1.jar;C:\Users\9000682\.m2\repository\org\apache\ant\ant\1.7.1\ant-1.7.1.jar;C:\Users\9000682\.m2\repository\org\apache\ant\ant-launcher\1.7.1\ant-launcher-1.7.1.jar;C:\Users\9000682\.m2\repository\jetty\org.mortbay.jetty\5.1.12\org.mortbay.jetty-5.1.12.jar;C:\Users\9000682\.m2\repository\javax\servlet\servlet-api\2.4\servlet-api-2.4.jar;C:\Users\9000682\.m2\repository\bouncycastle\bcprov-jdk15\135\bcprov-jdk15-135.jar;C:\Users\9000682\.m2\repository\org\seleniumhq\selenium\server\selenium-server-coreless\1.0.1\selenium-server-coreless-1.0.1-javadoc.jar;C:\Users\9000682\.m2\repository\org\seleniumhq\selenium\server\selenium-server-coreless\1.0.1\selenium-server-coreless-1.0.1-sources.jar;C:\Users\9000682\.m2\repository\org\seleniumhq\selenium\server\selenium-server-coreless\1.0.1\selenium-server-coreless-1.0.1-tests.jar;C:\Users\9000682\.m2\repository\org\seleniumhq\selenium\server\selenium-server-coreless\1.0.1\selenium-server-coreless-1.0.1-test-sources.jar;C:\Users\9000682\.m2\repository\org\seleniumhq\selenium\client-drivers\selenium-java-client-driver\1.0.1\selenium-java-client-driver-1.0.1.jar;C:\Users\9000682\.m2\repository\org\seleniumhq\selenium\client-drivers\selenium-java-client-driver\1.0.1\selenium-java-client-driver-1.0.1-javadoc.jar;C:\Users\9000682\.m2\repository\org\seleniumhq\selenium\client-drivers\selenium-java-client-driver\1.0.1\selenium-java-client-driver-1.0.1-sources.jar;C:\Users\9000682\.m2\repository\org\seleniumhq\selenium\client-drivers\selenium-java-client-driver\1.0.1\selenium-java-client-driver-1.0.1-tests.jar;C:\Users\9000682\.m2\repository\org\seleniumhq\selenium\client-drivers\selenium-java-client-driver\1.0.1\selenium-java-client-driver-1.0.1-test-sources.jar;C:\Users\9000682\.m2\repository\org\apache\maven\plugins\maven-surefire-report-plugin\2.5\maven-surefire-report-plugin-2.5.jar;C:\Users\9000682\.m2\repository\org\apache\maven\maven-project\2.0.6\maven-project-2.0.6.jar;C:\Users\9000682\.m2\repository\org\apache\maven\maven-settings\2.0.6\maven-settings-2.0.6.jar;C:\Users\9000682\.m2\repository\org\apache\maven\maven-profile\2.0.6\maven-profile-2.0.6.jar;C:\Users\9000682\.m2\repository\org\apache\maven\maven-artifact-manager\2.0.6\maven-artifact-manager-2.0.6.jar;C:\Users\9000682\.m2\repository\org\apache\maven\maven-repository-metadata\2.0.6\maven-repository-metadata-2.0.6.jar;C:\Users\9000682\.m2\repository\org\apache\maven\wagon\wagon-provider-api\1.0-beta-2\wagon-provider-api-1.0-beta-2.jar;C:\Users\9000682\.m2\repository\org\apache\maven\maven-plugin-registry\2.0.6\maven-plugin-registry-2.0.6.jar;C:\Users\9000682\.m2\repository\org\apache\maven\maven-artifact\2.0.6\maven-artifact-2.0.6.jar;C:\Users\9000682\.m2\repository\org\apache\maven\maven-model\2.0.6\maven-model-2.0.6.jar;C:\Users\9000682\.m2\repository\org\apache\maven\maven-plugin-api\2.0.6\maven-plugin-api-2.0.6.jar;C:\Users\9000682\.m2\repository\org\apache\maven\reporting\maven-reporting-api\2.0.6\maven-reporting-api-2.0.6.jar;C:\Users\9000682\.m2\repository\org\apache\maven\reporting\maven-reporting-impl\2.0.4.3\maven-reporting-impl-2.0.4.3.jar;C:\Users\9000682\.m2\repository\org\apache\maven\doxia\doxia-core\1.0\doxia-core-1.0.jar;C:\Users\9000682\.m2\repository\org\apache\maven\shared\maven-doxia-tools\1.0.2\maven-doxia-tools-1.0.2.jar;C:\Users\9000682\.m2\repository\org\apache\maven\doxia\doxia-sink-api\1.0\doxia-sink-api-1.0.jar;C:\Users\9000682\.m2\repository\org\apache\maven\doxia\doxia-decoration-model\1.0\doxia-decoration-model-1.0.jar;C:\Users\9000682\.m2\repository\org\apache\maven\doxia\doxia-site-renderer\1.0\doxia-site-renderer-1.0.jar;C:\Users\9000682\.m2\repository\org\codehaus\plexus\plexus-i18n\1.0-beta-7\plexus-i18n-1.0-beta-7.jar;C:\Users\9000682\.m2\repository\org\codehaus\plexus\plexus-velocity\1.1.7\plexus-velocity-1.1.7.jar;C:\Users\9000682\.m2\repository\org\apache\velocity\velocity\1.5\velocity-1.5.jar;C:\Users\9000682\.m2\repository\commons-lang\commons-lang\2.1\commons-lang-2.1.jar;C:\Users\9000682\.m2\repository\oro\oro\2.0.8\oro-2.0.8.jar;C:\Users\9000682\.m2\repository\org\apache\maven\doxia\doxia-module-apt\1.0\doxia-module-apt-1.0.jar;C:\Users\9000682\.m2\repository\org\apache\maven\doxia\doxia-module-fml\1.0\doxia-module-fml-1.0.jar;C:\Users\9000682\.m2\repository\org\apache\maven\doxia\doxia-module-xdoc\1.0\doxia-module-xdoc-1.0.jar;C:\Users\9000682\.m2\repository\org\apache\maven\doxia\doxia-module-xhtml\1.0\doxia-module-xhtml-1.0.jar;C:\Users\9000682\.m2\repository\org\codehaus\plexus\plexus-container-default\1.0-alpha-9\plexus-container-default-1.0-alpha-9.jar;C:\Users\9000682\.m2\repository\classworlds\classworlds\1.1-alpha-2\classworlds-1.1-alpha-2.jar;C:\Users\9000682\.m2\repository\org\codehaus\plexus\plexus-utils\1.5.9\plexus-utils-1.5.9.jar;D:\standard\target\classes;D:\apache-ant-1.9.14\lib\ant-launcher.jar;D:\apache-ant-1.9.14\lib\ant.jar;D:\apache-ant-1.9.14\lib\ant-junit.jar;D:\apache-ant-1.9.14\lib\ant-junit4.jar" />
    <property name="ant.version" value="Apache Ant(TM) version 1.9.14 compiled on March 12 2019" />
    <property name="sun.java.command" value="org.apache.tools.ant.taskdefs.optional.junit.JUnitTestRunner STG_Dailycheck.STG_DailyCheck_SKT skipNonTests=false filtertrace=true haltOnError=false haltOnFailure=false formatter=org.apache.tools.ant.taskdefs.optional.junit.OutErrSummaryJUnitResultFormatter showoutput=false outputtoformatters=true logfailedtests=true threadid=0 logtestlistenerevents=false formatter=org.apache.tools.ant.taskdefs.optional.junit.XMLJUnitResultFormatter,D:\standard\junit\TEST-STG_Dailycheck.STG_DailyCheck_SKT.xml crashfile=D:\standard\junitvmwatcher2569036407998597343.properties propsfile=D:\standard\junit6057769586362299638.properties" />
    <property name="env.EXECUTOR_NUMBER" value="0" />
    <property name="java.vm.specification.name" value="Java Virtual Machine Specification" />
    <property name="env.WINSW_SERVICE_ID" value="Jenkins" />
    <property name="ant.file.type" value="file" />
    <property name="env.windir" value="C:\windows" />
    <property name="java.vm.specification.version" value="1.8" />
    <property name="env.PROCESSOR_ARCHITECTURE" value="AMD64" />
    <property name="sun.os.patch.level" value="" />
    <property name="sun.cpu.endian" value="little" />
    <property name="debuglevel" value="source,lines,vars" />
    <property name="env.ProgramFiles" value="C:\Program Files" />
    <property name="env.ANT_HOME" value="D:\apache-ant-1.9.14\bin\.." />
    <property name="env.PROCESSOR_REVISION" value="3c03" />
    <property name="java.io.tmpdir" value="C:\windows\TEMP\" />
    <property name="env.BUILD_URL" value="http://localhost:8080/job/STG_SKT/11/" />
    <property name="env.CommonProgramFiles(x86)" value="C:\Program Files (x86)\Common Files" />
    <property name="java.vendor.url.bug" value="http://bugreport.sun.com/bugreport/" />
    <property name="env.SystemRoot" value="C:\windows" />
    <property name="java.awt.graphicsenv" value="sun.awt.Win32GraphicsEnvironment" />
    <property name="os.arch" value="amd64" />
    <property name="env.ANT_CMD_LINE_ARGS" value=" STG_DailyCheck_SKT" />
    <property name="java.ext.dirs" value="C:\Program Files\Java\jdk1.8.0_251\jre\lib\ext;C:\windows\Sun\Java\lib\ext" />
    <property name="env.=D:" value="D:\standard" />
    <property name="user.dir" value="D:\standard" />
    <property name="env.LOCALAPPDATA" value="C:\windows\system32\config\systemprofile\AppData\Local" />
    <property name="env.BUILD_ID" value="11" />
    <property name="line.separator" value="
" />
    <property name="java.vm.name" value="Java HotSpot(TM) 64-Bit Server VM" />
    <property name="env.JENKINS_URL" value="http://localhost:8080/" />
    <property name="env.PATHEXT" value=".COM;.EXE;.BAT;.CMD;.VBS;.VBE;.JS;.JSE;.WSF;.WSH;.MSC" />
    <property name="env.Path" value="C:\windows\system32;C:\windows;C:\windows\System32\Wbem;C:\windows\System32\WindowsPowerShell\v1.0\;C:\windows\System32\OpenSSH\;C:\windows\softcamp\sds;C:\windows\softcamp\sdk;C:\windows\Softcamp\SDS\x64;C:\windows\SoftCamp\SDK\x64;C:\Program Files (x86)\Common Files\Oracle\Java\javapath;C:\Program Files\Java\jdk1.8.0_251\bin;C:\Users\9000682\AppData\Local\Android\Sdk\platform-tools;C:\Users\9000682\AppData\Local\Android\Sdk\tools\bin;C:\Program Files\nodejs\;C:\windows\system32\config\systemprofile\AppData\Local\Microsoft\WindowsApps" />
    <property name="basedir" value="D:\standard" />
    <property name="ant.java.version" value="1.8" />
    <property name="ant.core.lib" value="D:\apache-ant-1.9.14\lib\ant.jar" />
    <property name="env.USERNAME" value="ONE9000682D001$" />
    <property name="source" value="1.8" />
    <property name="env.SystemDrive" value="C:" />
    <property name="file.encoding" value="MS949" />
    <property name="env.WORKSPACE" value="C:\Program Files (x86)\Jenkins\workspace\STG_SKT" />
    <property name="env.USERDOMAIN" value="ONESTORECORP" />
    <property name="java.specification.version" value="1.8" />
    <property name="env.=C:" value="C:\Program Files (x86)\Jenkins\workspace\STG_SKT" />
    <property name="ant.project.invoked-targets" value="STG_DailyCheck_SKT" />
    <property name="env.PROCESSOR_LEVEL" value="6" />
    <property name="env.NODE_LABELS" value="master" />
  </properties>
  <testcase classname="STG_Dailycheck.STG_DailyCheck_SKT" name="STG_Daily_SKT" time="231.31">
    <error message="An element could not be located on the page using the given search parameters. (WARNING: The server did not provide any stacktrace information)
Command duration or timeout: 10.30 seconds
For documentation on this error, please visit: http://seleniumhq.org/exceptions/no_such_element.html
Build info: version: &apos;2.53.1&apos;, revision: &apos;a36b8b1cd5757287168e54b817830adce9b0158d&apos;, time: &apos;2016-06-30 19:26:09&apos;
System info: host: &apos;ONE9000682D001&apos;, ip: &apos;10.202.64.80&apos;, os.name: &apos;Windows 10&apos;, os.arch: &apos;amd64&apos;, os.version: &apos;10.0&apos;, java.version: &apos;1.8.0_251&apos;
Driver info: io.appium.java_client.android.AndroidDriver
Capabilities [{appPackage=com.skt.skaf.A000Z00040, statBarHeight=63, noReset=true, viewportRect={top=63, left=0, width=1080, height=2031}, deviceName=ce061716336d8438027e, platform=LINUX, deviceUDID=ce061716336d8438027e, desired={appPackage=com.skt.skaf.A000Z00040, appActivity=.A000Z00040, noReset=true, platformVersion=9, unicodeKeyboard=true, udid=ce061716336d8438027e, platformName=Android, deviceName=appium}, platformVersion=9, webStorageEnabled=false, takesScreenshot=true, javascriptEnabled=true, unicodeKeyboard=true, udid=ce061716336d8438027e, platformName=Android, deviceApiLevel=28, deviceManufacturer=samsung, deviceScreenSize=1080x2220, networkConnectionEnabled=true, warnings={}, databaseEnabled=false, appActivity=.A000Z00040, pixelRatio=2.625, locationContextEnabled=false, deviceScreenDensity=420, deviceModel=SM-N950N}]
Session ID: 68e45eb7-ed1b-455b-ba50-3e438919bbcf
*** Element info: {Using=xpath, value=//android.widget.Button[@text=&apos;1&apos;]}" type="org.openqa.selenium.NoSuchElementException">org.openqa.selenium.NoSuchElementException: An element could not be located on the page using the given search parameters. (WARNING: The server did not provide any stacktrace information)
Command duration or timeout: 10.30 seconds
For documentation on this error, please visit: http://seleniumhq.org/exceptions/no_such_element.html
Build info: version: &apos;2.53.1&apos;, revision: &apos;a36b8b1cd5757287168e54b817830adce9b0158d&apos;, time: &apos;2016-06-30 19:26:09&apos;
System info: host: &apos;ONE9000682D001&apos;, ip: &apos;10.202.64.80&apos;, os.name: &apos;Windows 10&apos;, os.arch: &apos;amd64&apos;, os.version: &apos;10.0&apos;, java.version: &apos;1.8.0_251&apos;
Driver info: io.appium.java_client.android.AndroidDriver
Capabilities [{appPackage=com.skt.skaf.A000Z00040, statBarHeight=63, noReset=true, viewportRect={top=63, left=0, width=1080, height=2031}, deviceName=ce061716336d8438027e, platform=LINUX, deviceUDID=ce061716336d8438027e, desired={appPackage=com.skt.skaf.A000Z00040, appActivity=.A000Z00040, noReset=true, platformVersion=9, unicodeKeyboard=true, udid=ce061716336d8438027e, platformName=Android, deviceName=appium}, platformVersion=9, webStorageEnabled=false, takesScreenshot=true, javascriptEnabled=true, unicodeKeyboard=true, udid=ce061716336d8438027e, platformName=Android, deviceApiLevel=28, deviceManufacturer=samsung, deviceScreenSize=1080x2220, networkConnectionEnabled=true, warnings={}, databaseEnabled=false, appActivity=.A000Z00040, pixelRatio=2.625, locationContextEnabled=false, deviceScreenDensity=420, deviceModel=SM-N950N}]
Session ID: 68e45eb7-ed1b-455b-ba50-3e438919bbcf
*** Element info: {Using=xpath, value=//android.widget.Button[@text=&apos;1&apos;]}
	at java.lang.reflect.Constructor.newInstance(Constructor.java:423)
	at org.openqa.selenium.remote.ErrorHandler.createThrowable(ErrorHandler.java:206)
	at org.openqa.selenium.remote.ErrorHandler.throwIfResponseFailed(ErrorHandler.java:158)
	at org.openqa.selenium.remote.RemoteWebDriver.execute(RemoteWebDriver.java:678)
	at io.appium.java_client.DefaultGenericMobileDriver.execute(DefaultGenericMobileDriver.java:40)
	at io.appium.java_client.AppiumDriver.execute(AppiumDriver.java:1)
	at io.appium.java_client.android.AndroidDriver.execute(AndroidDriver.java:1)
	at org.openqa.selenium.remote.RemoteWebDriver.findElement(RemoteWebDriver.java:363)
	at io.appium.java_client.DefaultGenericMobileDriver.findElement(DefaultGenericMobileDriver.java:56)
	at io.appium.java_client.AppiumDriver.findElement(AppiumDriver.java:1)
	at io.appium.java_client.android.AndroidDriver.findElement(AndroidDriver.java:1)
	at org.openqa.selenium.remote.RemoteWebDriver.findElementByXPath(RemoteWebDriver.java:500)
	at io.appium.java_client.DefaultGenericMobileDriver.findElementByXPath(DefaultGenericMobileDriver.java:134)
	at io.appium.java_client.AppiumDriver.findElementByXPath(AppiumDriver.java:1)
	at io.appium.java_client.android.AndroidDriver.findElementByXPath(AndroidDriver.java:1)
	at STG_Dailycheck.STG_BaseDriver_SKT.Password(STG_BaseDriver_SKT.java:97)
	at STG_Dailycheck.STG_DailyCheck_SKT.STG_Daily_SKT(STG_DailyCheck_SKT.java:343)
</error>
  </testcase>
  <system-out><![CDATA[----------check----------
----------homeLogo----------
----------mdnConfirm----------
----------userGuideEnter----------
----------findVersionInfoButton----------
----------versionInfoEnter----------
----------getVersionInformation----------
===== STG SKT OSC Version : 6.12.1 (11.5MB, 496.0KB) =====
===== STG SKT OSS Version : 6.140 (9.3MB) =====
----------printVersionInformation----------
----------backButtonUserGuide----------
----------backButtonHome----------
----------enterPurchaseList----------
----------purchasesListConfirm----------
----------noPurchasehistory----------
----------Home----------
----------searchButtonEnter----------
----------searchResultDelete----------
----------searchEnter----------
----------cartitemEnter----------
----------titleConfirm----------
----------priceEnter----------
----------couponInexistent---------
----------couponInexistentDcbEnter---------
----------couponInexistentPopupAgree---------
----------couponInexistentSubmit---------
======================================
        STGSKTResult : FAIL
                 END                 
======================================
]]></system-out>
  <system-err><![CDATA[]]></system-err>
</testsuite>
